<?xml version="1.0" encoding="UTF-8"?>
<!-- Generated by org.testng.reporters.JUnitXMLReporter -->
<testsuite hostname="DESKTOP-KRS7JII" ignored="6" name="Test" tests="3" failures="0" timestamp="2022-08-19T11:24:02 IST" time="0.124" errors="0">
  <testcase name="createProject" time="0.029" classname="com.actitime.testscript.ProjectModule"/>
  <testcase name="CreatCustomer" time="0.002" classname="com.actitime.testscript.CustomerModule"/>
  <testcase name="createTask" time="0.003" classname="com.actitime.testscript.TaskModule"/>
  <testcase name="modifyTask" time="0.0" classname="com.actitime.testscript.TaskModule">
    <ignored/>
  </testcase> <!-- modifyTask -->
  <testcase name="deleteTask" time="0.0" classname="com.actitime.testscript.TaskModule">
    <ignored/>
  </testcase> <!-- deleteTask -->
  <testcase name="deleteProject" time="0.0" classname="com.actitime.testscript.ProjectModule">
    <ignored/>
  </testcase> <!-- deleteProject -->
  <testcase name="modifyCustomer" time="0.0" classname="com.actitime.testscript.CustomerModule">
    <ignored/>
  </testcase> <!-- modifyCustomer -->
  <testcase name="deleteCustomer" time="0.0" classname="com.actitime.testscript.CustomerModule">
    <ignored/>
  </testcase> <!-- deleteCustomer -->
  <testcase name="modifyProject" time="0.0" classname="com.actitime.testscript.ProjectModule">
    <ignored/>
  </testcase> <!-- modifyProject -->
</testsuite> <!-- Test -->
